0 info it worked if it ends with ok
1 verbose cli [ '/usr/local/bin/node', '/usr/local/bin/npm', 'publish' ]
2 info using npm@3.6.0
3 info using node@v5.6.0
4 verbose publish [ '.' ]
5 silly cache add args [ '.', null ]
6 verbose cache add spec .
7 silly cache add parsed spec Result {
7 silly cache add   raw: '.',
7 silly cache add   scope: null,
7 silly cache add   name: null,
7 silly cache add   rawSpec: '.',
7 silly cache add   spec: '/Users/davidbroadhurst/dev/union25/env2js',
7 silly cache add   type: 'directory' }
8 verbose addLocalDirectory /Users/davidbroadhurst/.npm/env2js/1.0.4/package.tgz not in flight; packing
9 verbose correctMkdir /Users/davidbroadhurst/.npm correctMkdir not in flight; initializing
10 info lifecycle env2js@1.0.4~prepublish: env2js@1.0.4
11 silly lifecycle env2js@1.0.4~prepublish: no script for prepublish, continuing
12 verbose tar pack [ '/Users/davidbroadhurst/.npm/env2js/1.0.4/package.tgz',
12 verbose tar pack   '/Users/davidbroadhurst/dev/union25/env2js' ]
13 verbose tarball /Users/davidbroadhurst/.npm/env2js/1.0.4/package.tgz
14 verbose folder /Users/davidbroadhurst/dev/union25/env2js
15 verbose addLocalTarball adding from inside cache /Users/davidbroadhurst/.npm/env2js/1.0.4/package.tgz
16 verbose correctMkdir /Users/davidbroadhurst/.npm correctMkdir not in flight; initializing
17 silly cache afterAdd env2js@1.0.4
18 verbose afterAdd /Users/davidbroadhurst/.npm/env2js/1.0.4/package/package.json not in flight; writing
19 verbose correctMkdir /Users/davidbroadhurst/.npm correctMkdir not in flight; initializing
20 verbose afterAdd /Users/davidbroadhurst/.npm/env2js/1.0.4/package/package.json written
21 silly publish { name: 'env2js',
21 silly publish   version: '1.0.4',
21 silly publish   description: 'Add environment variables to config template file',
21 silly publish   main: 'index.js',
21 silly publish   bin: { env2js: './env2js.js' },
21 silly publish   repository:
21 silly publish    { type: 'git',
21 silly publish      url: 'git+https://github.com/dbroadhurst/env2js.git' },
21 silly publish   scripts: { test: 'echo "Error: no test specified" && exit 1' },
21 silly publish   keywords: [ 'docker', 'environment', 'config' ],
21 silly publish   author: { name: 'David Broadhurst' },
21 silly publish   license: 'MIT',
21 silly publish   dependencies: { minimist: '^1.2.0' },
21 silly publish   readme: '# env2js\n\nenv2js is a straight forward way to add config settings to your frontend application using environment variables. This comes in especially handy when you are setting up your services for docker using environment variables and want to use the same variables for your app config.\n\n\n### Installing\n\nnpm install env2js\n\n### Running\n\nnode env2js --in infile.js --out outfile.js\n\n### Demo\n\n```\nexport ENV=DEBUG\nexport DEBUG=1\n```\n\ncreate config.js\n\n```javascript\nvar config = {\n\tdebug: \'{DEBUG}\',\n\tenv: \'{ENV}\'\n};\n```\n\nrun\n\n```\nnode env2js.js --in config.js --out config.out.js\n```\n\nresult\n\n```javascript\nvar config = {\n\tdebug: \'1\',\n\tenv: \'DEBUG\'\n};\n```\n',
21 silly publish   readmeFilename: 'README.md',
21 silly publish   gitHead: '5cba6ccf1ed59fc5a6918bf5c36157f0e24869b5',
21 silly publish   bugs: { url: 'https://github.com/dbroadhurst/env2js/issues' },
21 silly publish   homepage: 'https://github.com/dbroadhurst/env2js#readme',
21 silly publish   _id: 'env2js@1.0.4',
21 silly publish   _shasum: '87c38c6e6b32590ad1ab44b77022f9bf0b3652eb',
21 silly publish   _from: '.' }
22 verbose getPublishConfig undefined
23 silly mapToRegistry name env2js
24 silly mapToRegistry using default registry
25 silly mapToRegistry registry https://registry.npmjs.org/
26 silly mapToRegistry uri https://registry.npmjs.org/env2js
27 verbose publish registryBase https://registry.npmjs.org/
28 silly publish uploading /Users/davidbroadhurst/.npm/env2js/1.0.4/package.tgz
29 verbose request uri https://registry.npmjs.org/env2js
30 verbose request sending authorization for write operation
31 info attempt registry request try #1 at 7:11:48 AM
32 verbose request using bearer token for auth
33 verbose request id 1342636fa00ea73d
34 http request PUT https://registry.npmjs.org/env2js
35 http 403 https://registry.npmjs.org/env2js
36 verbose headers { 'content-type': 'application/json',
36 verbose headers   'cache-control': 'max-age=300',
36 verbose headers   'content-length': '95',
36 verbose headers   'accept-ranges': 'bytes',
36 verbose headers   date: 'Tue, 28 Jun 2016 14:11:49 GMT',
36 verbose headers   via: '1.1 varnish',
36 verbose headers   connection: 'keep-alive',
36 verbose headers   'x-served-by': 'cache-sjc3120-SJC',
36 verbose headers   'x-cache': 'MISS',
36 verbose headers   'x-cache-hits': '0',
36 verbose headers   'x-timer': 'S1467123109.026932,VS0,VE121',
36 verbose headers   vary: 'Accept-Encoding' }
37 verbose request invalidating /Users/davidbroadhurst/.npm/registry.npmjs.org/env2js on PUT
38 error publish Failed PUT 403
39 verbose stack Error: "You cannot publish over the previously published version 1.0.4." : env2js
39 verbose stack     at makeError (/usr/local/lib/node_modules/npm/node_modules/npm-registry-client/lib/request.js:264:12)
39 verbose stack     at CachingRegistryClient.<anonymous> (/usr/local/lib/node_modules/npm/node_modules/npm-registry-client/lib/request.js:252:14)
39 verbose stack     at Request._callback (/usr/local/lib/node_modules/npm/node_modules/npm-registry-client/lib/request.js:172:14)
39 verbose stack     at Request.self.callback (/usr/local/lib/node_modules/npm/node_modules/request/request.js:198:22)
39 verbose stack     at emitTwo (events.js:100:13)
39 verbose stack     at Request.emit (events.js:185:7)
39 verbose stack     at Request.<anonymous> (/usr/local/lib/node_modules/npm/node_modules/request/request.js:1035:10)
39 verbose stack     at emitOne (events.js:95:20)
39 verbose stack     at Request.emit (events.js:182:7)
39 verbose stack     at IncomingMessage.<anonymous> (/usr/local/lib/node_modules/npm/node_modules/request/request.js:962:12)
40 verbose statusCode 403
41 verbose pkgid env2js
42 verbose cwd /Users/davidbroadhurst/dev/union25/env2js
43 error Darwin 15.5.0
44 error argv "/usr/local/bin/node" "/usr/local/bin/npm" "publish"
45 error node v5.6.0
46 error npm  v3.6.0
47 error code E403
48 error "You cannot publish over the previously published version 1.0.4." : env2js
49 error If you need help, you may report this error at:
49 error     <https://github.com/npm/npm/issues>
50 verbose exit [ 1, true ]
